<?xml version="1.0" encoding="UTF-8"?>
<testsuite name="gcu.homework.homework.HomeworkControllerTest" tests="1" skipped="0" failures="0" errors="0" timestamp="2022-10-20T14:21:31" hostname="Chaeyoonui-MacBookPro.local" time="0.007">
  <properties/>
  <testcase name="welcome()" classname="gcu.homework.homework.HomeworkControllerTest" time="0.007"/>
  <system-out><![CDATA[]]></system-out>
  <system-err><![CDATA[]]></system-err>
</testsuite>
