<?xml version="1.0" encoding="UTF-8"?>
<testsuite name="gcu.homework.homework.HomeworkApplicationTests" tests="1" skipped="0" failures="0" errors="0" timestamp="2022-10-20T14:15:24" hostname="Chaeyoonui-MacBookPro.local" time="0.18">
  <properties/>
  <testcase name="contextLoads()" classname="gcu.homework.homework.HomeworkApplicationTests" time="0.18"/>
  <system-out><![CDATA[23:15:23.170 [Test worker] DEBUG org.springframework.test.context.BootstrapUtils - Instantiating CacheAwareContextLoaderDelegate from class [org.springframework.test.context.cache.DefaultCacheAwareContextLoaderDelegate]
23:15:23.176 [Test worker] DEBUG org.springframework.test.context.BootstrapUtils - Instantiating BootstrapContext using constructor [public org.springframework.test.context.support.DefaultBootstrapContext(java.lang.Class,org.springframework.test.context.CacheAwareContextLoaderDelegate)]
23:15:23.193 [Test worker] DEBUG org.springframework.test.context.BootstrapUtils - Instantiating TestContextBootstrapper for test class [gcu.homework.homework.HomeworkApplicationTests] from class [org.springframework.boot.test.context.SpringBootTestContextBootstrapper]
23:15:23.198 [Test worker] INFO org.springframework.boot.test.context.SpringBootTestContextBootstrapper - Neither @ContextConfiguration nor @ContextHierarchy found for test class [gcu.homework.homework.HomeworkApplicationTests], using SpringBootContextLoader
23:15:23.200 [Test worker] DEBUG org.springframework.test.context.support.AbstractContextLoader - Did not detect default resource location for test class [gcu.homework.homework.HomeworkApplicationTests]: class path resource [gcu/homework/homework/HomeworkApplicationTests-context.xml] does not exist
23:15:23.200 [Test worker] DEBUG org.springframework.test.context.support.AbstractContextLoader - Did not detect default resource location for test class [gcu.homework.homework.HomeworkApplicationTests]: class path resource [gcu/homework/homework/HomeworkApplicationTestsContext.groovy] does not exist
23:15:23.200 [Test worker] INFO org.springframework.test.context.support.AbstractContextLoader - Could not detect default resource locations for test class [gcu.homework.homework.HomeworkApplicationTests]: no resource found for suffixes {-context.xml, Context.groovy}.
23:15:23.200 [Test worker] INFO org.springframework.test.context.support.AnnotationConfigContextLoaderUtils - Could not detect default configuration classes for test class [gcu.homework.homework.HomeworkApplicationTests]: HomeworkApplicationTests does not declare any static, non-private, non-final, nested classes annotated with @Configuration.
23:15:23.220 [Test worker] DEBUG org.springframework.test.context.support.ActiveProfilesUtils - Could not find an 'annotation declaring class' for annotation type [org.springframework.test.context.ActiveProfiles] and class [gcu.homework.homework.HomeworkApplicationTests]
23:15:23.247 [Test worker] DEBUG org.springframework.context.annotation.ClassPathScanningCandidateComponentProvider - Identified candidate component class: file [/Users/macbook/Documents/InteliJProjects/homework/build/classes/java/main/gcu/homework/homework/HomeworkApplication.class]
23:15:23.252 [Test worker] INFO org.springframework.boot.test.context.SpringBootTestContextBootstrapper - Found @SpringBootConfiguration gcu.homework.homework.HomeworkApplication for test class gcu.homework.homework.HomeworkApplicationTests
23:15:23.307 [Test worker] DEBUG org.springframework.boot.test.context.SpringBootTestContextBootstrapper - @TestExecutionListeners is not present for class [gcu.homework.homework.HomeworkApplicationTests]: using defaults.
23:15:23.307 [Test worker] INFO org.springframework.boot.test.context.SpringBootTestContextBootstrapper - Loaded default TestExecutionListener class names from location [META-INF/spring.factories]: [org.springframework.boot.test.autoconfigure.restdocs.RestDocsTestExecutionListener, org.springframework.boot.test.autoconfigure.web.client.MockRestServiceServerResetTestExecutionListener, org.springframework.boot.test.autoconfigure.web.servlet.MockMvcPrintOnlyOnFailureTestExecutionListener, org.springframework.boot.test.autoconfigure.web.servlet.WebDriverTestExecutionListener, org.springframework.boot.test.autoconfigure.webservices.client.MockWebServiceServerTestExecutionListener, org.springframework.boot.test.mock.mockito.MockitoTestExecutionListener, org.springframework.boot.test.mock.mockito.ResetMocksTestExecutionListener, org.springframework.test.context.web.ServletTestExecutionListener, org.springframework.test.context.support.DirtiesContextBeforeModesTestExecutionListener, org.springframework.test.context.event.ApplicationEventsTestExecutionListener, org.springframework.test.context.support.DependencyInjectionTestExecutionListener, org.springframework.test.context.support.DirtiesContextTestExecutionListener, org.springframework.test.context.transaction.TransactionalTestExecutionListener, org.springframework.test.context.jdbc.SqlScriptsTestExecutionListener, org.springframework.test.context.event.EventPublishingTestExecutionListener]
23:15:23.313 [Test worker] DEBUG org.springframework.boot.test.context.SpringBootTestContextBootstrapper - Skipping candidate TestExecutionListener [org.springframework.test.context.transaction.TransactionalTestExecutionListener] due to a missing dependency. Specify custom listener classes or make the default listener classes and their required dependencies available. Offending class: [org/springframework/transaction/interceptor/TransactionAttributeSource]
23:15:23.313 [Test worker] DEBUG org.springframework.boot.test.context.SpringBootTestContextBootstrapper - Skipping candidate TestExecutionListener [org.springframework.test.context.jdbc.SqlScriptsTestExecutionListener] due to a missing dependency. Specify custom listener classes or make the default listener classes and their required dependencies available. Offending class: [org/springframework/transaction/interceptor/TransactionAttribute]
23:15:23.313 [Test worker] INFO org.springframework.boot.test.context.SpringBootTestContextBootstrapper - Using TestExecutionListeners: [org.springframework.test.context.web.ServletTestExecutionListener@2b46a8c1, org.springframework.test.context.support.DirtiesContextBeforeModesTestExecutionListener@1d572e62, org.springframework.test.context.event.ApplicationEventsTestExecutionListener@29caf222, org.springframework.boot.test.mock.mockito.MockitoTestExecutionListener@46cf05f7, org.springframework.boot.test.autoconfigure.SpringBootDependencyInjectionTestExecutionListener@5851bd4f, org.springframework.test.context.support.DirtiesContextTestExecutionListener@7cd1ac19, org.springframework.test.context.event.EventPublishingTestExecutionListener@2f40a43, org.springframework.boot.test.autoconfigure.restdocs.RestDocsTestExecutionListener@3caa4757, org.springframework.boot.test.autoconfigure.web.client.MockRestServiceServerResetTestExecutionListener@69c43e48, org.springframework.boot.test.autoconfigure.web.servlet.MockMvcPrintOnlyOnFailureTestExecutionListener@1804f60d, org.springframework.boot.test.autoconfigure.web.servlet.WebDriverTestExecutionListener@3a80515c, org.springframework.boot.test.autoconfigure.webservices.client.MockWebServiceServerTestExecutionListener@547e29a4, org.springframework.boot.test.mock.mockito.ResetMocksTestExecutionListener@1c807b1d]
23:15:23.315 [Test worker] DEBUG org.springframework.test.context.support.AbstractDirtiesContextTestExecutionListener - Before test class: context [DefaultTestContext@1af7f54a testClass = HomeworkApplicationTests, testInstance = [null], testMethod = [null], testException = [null], mergedContextConfiguration = [WebMergedContextConfiguration@6ebd78d1 testClass = HomeworkApplicationTests, locations = '{}', classes = '{class gcu.homework.homework.HomeworkApplication}', contextInitializerClasses = '[]', activeProfiles = '{}', propertySourceLocations = '{}', propertySourceProperties = '{org.springframework.boot.test.context.SpringBootTestContextBootstrapper=true}', contextCustomizers = set[org.springframework.boot.test.autoconfigure.actuate.metrics.MetricsExportContextCustomizerFactory$DisableMetricExportContextCustomizer@4189d70b, org.springframework.boot.test.autoconfigure.properties.PropertyMappingContextCustomizer@0, org.springframework.boot.test.autoconfigure.web.servlet.WebDriverContextCustomizerFactory$Customizer@60a2630a, org.springframework.boot.test.context.filter.ExcludeFilterContextCustomizer@60641ec8, org.springframework.boot.test.json.DuplicateJsonObjectContextCustomizerFactory$DuplicateJsonObjectContextCustomizer@4d18aa28, org.springframework.boot.test.mock.mockito.MockitoContextCustomizer@0, org.springframework.boot.test.web.client.TestRestTemplateContextCustomizer@7c209437, org.springframework.boot.test.web.reactive.server.WebTestClientContextCustomizer@63b1d4fa, org.springframework.boot.test.context.SpringBootTestArgs@1, org.springframework.boot.test.context.SpringBootTestWebEnvironment@4c2bb6e0], resourceBasePath = 'src/main/webapp', contextLoader = 'org.springframework.boot.test.context.SpringBootContextLoader', parent = [null]], attributes = map['org.springframework.test.context.web.ServletTestExecutionListener.activateListener' -> true]], class annotated with @DirtiesContext [false] with mode [null].

  .   ____          _            __ _ _
 /\\ / ___'_ __ _ _(_)_ __  __ _ \ \ \ \
( ( )\___ | '_ | '_| | '_ \/ _` | \ \ \ \
 \\/  ___)| |_)| | | | | || (_| |  ) ) ) )
  '  |____| .__|_| |_|_| |_\__, | / / / /
 =========|_|==============|___/=/_/_/_/
 :: Spring Boot ::                (v2.7.4)

2022-10-20 23:15:23.489  INFO 98865 --- [    Test worker] g.h.homework.HomeworkApplicationTests    : Starting HomeworkApplicationTests using Java 11.0.16.1 on Chaeyoonui-MacBookPro.local with PID 98865 (started by macbook in /Users/macbook/Documents/InteliJProjects/homework)
2022-10-20 23:15:23.490  INFO 98865 --- [    Test worker] g.h.homework.HomeworkApplicationTests    : No active profile set, falling back to 1 default profile: "default"
2022-10-20 23:15:23.873  INFO 98865 --- [    Test worker] trationDelegate$BeanPostProcessorChecker : Bean 'org.springframework.ws.config.annotation.DelegatingWsConfiguration' of type [org.springframework.ws.config.annotation.DelegatingWsConfiguration$$EnhancerBySpringCGLIB$$e6c47a50] is not eligible for getting processed by all BeanPostProcessors (for example: not eligible for auto-proxying)
2022-10-20 23:15:23.924  INFO 98865 --- [    Test worker] .w.s.a.s.AnnotationActionEndpointMapping : Supporting [WS-Addressing August 2004, WS-Addressing 1.0]
2022-10-20 23:15:24.405  INFO 98865 --- [    Test worker] g.h.homework.HomeworkApplicationTests    : Started HomeworkApplicationTests in 1.067 seconds (JVM running for 1.684)
]]></system-out>
  <system-err><![CDATA[]]></system-err>
</testsuite>
